<?xml version="1.0" encoding="UTF-8"?>
<!-- Generated by org.testng.reporters.JUnitXMLReporter -->
<testsuite hostname="LAPTOP-4MO39718" name="Login guru on Chrome" tests="1" failures="0" timestamp="13 Apr 2019 08:17:48 GMT" time="8.28" errors="0">
  <testcase name="@BeforeClass beforeClass" time="0.0" classname="bankGuruTestcases.RegisterScript">
    <failure type="java.lang.NoSuchMethodError" message="org.openqa.selenium.support.ui.WebDriverWait.until(Ljava/util/function/Function;)Ljava/lang/Object;">
      <![CDATA[java.lang.NoSuchMethodError: org.openqa.selenium.support.ui.WebDriverWait.until(Ljava/util/function/Function;)Ljava/lang/Object;
	at commonPage.CommonFunctions.waitVisible(CommonFunctions.java:347)
	at bankGuruActions.LoginPage.ClickHereLink(LoginPage.java:17)
	at bankGuruTestcases.RegisterScript.beforeClass(RegisterScript.java:24)
	at java.util.concurrent.FutureTask.run(Unknown Source)
	at java.util.concurrent.ThreadPoolExecutor.runWorker(Unknown Source)
	at java.util.concurrent.ThreadPoolExecutor$Worker.run(Unknown Source)
	at java.lang.Thread.run(Unknown Source)
... Removed 16 stack frames]]>
    </failure>
  </testcase> <!-- @BeforeClass beforeClass -->
  <testcase name="@AfterClass afterClass" time="0.0" classname="bankGuruTestcases.RegisterScript">
    <skipped/>
  </testcase> <!-- @AfterClass afterClass -->
  <testcase name="getAccountRegister" time="0.002" classname="bankGuruTestcases.RegisterScript">
    <skipped/>
  </testcase> <!-- getAccountRegister -->
</testsuite> <!-- Login guru on Chrome -->
